#
# There is insufficient memory for the Java Runtime Environment to continue.
# Native memory allocation (mmap) failed to map 67108864 bytes for G1 virtual space
# Possible reasons:
#   The system is out of physical RAM or swap space
#   The process is running with CompressedOops enabled, and the Java Heap may be blocking the growth of the native heap
# Possible solutions:
#   Reduce memory load on the system
#   Increase physical memory or swap space
#   Check if swap backing store is full
#   Decrease Java heap size (-Xmx/-Xms)
#   Decrease number of Java threads
#   Decrease Java thread stack sizes (-Xss)
#   Set larger code cache with -XX:ReservedCodeCacheSize=
#   JVM is running with Unscaled Compressed Oops mode in which the Java heap is
#     placed in the first 4GB address space. The Java Heap base address is the
#     maximum limit for the native heap growth. Please use -XX:HeapBaseMinAddress
#     to set the Java Heap base and to place the Java Heap above 4GB virtual address.
# This output file may be truncated or incomplete.
#
#  Out of Memory Error (os_windows.cpp:3550), pid=16232, tid=280
#
# JRE version:  (17.0.8+9) (build )
# Java VM: Java HotSpot(TM) 64-Bit Server VM (17.0.8+9-LTS-211, mixed mode, sharing, tiered, compressed oops, compressed class ptrs, g1 gc, windows-amd64)
# No core dump will be written. Minidumps are not enabled by default on client versions of Windows
#

---------------  S U M M A R Y ------------

Command Line: -Xmx64m -Xms64m -Dorg.gradle.appname=gradlew org.gradle.wrapper.GradleWrapperMain tasks

Host: Intel(R) Core(TM) i5-7300U CPU @ 2.60GHz, 4 cores, 15G,  Windows 10 , 64 bit Build 19041 (10.0.19041.5794)
Time: Wed May  7 02:50:13 2025 India Standard Time elapsed time: 0.010743 seconds (0d 0h 0m 0s)

---------------  T H R E A D  ---------------

Current thread (0x000001fe0b639e50):  JavaThread "Unknown thread" [_thread_in_vm, id=280, stack(0x0000009305a00000,0x0000009305b00000)]

Stack: [0x0000009305a00000,0x0000009305b00000]
Native frames: (J=compiled Java code, j=interpreted, Vv=VM code, C=native code)
V  [jvm.dll+0x677d0a]
V  [jvm.dll+0x7d8c54]
V  [jvm.dll+0x7da3fe]
V  [jvm.dll+0x7daa63]
V  [jvm.dll+0x245c5f]
V  [jvm.dll+0x674bb9]
V  [jvm.dll+0x6694f2]
V  [jvm.dll+0x3031d6]
V  [jvm.dll+0x30a756]
V  [jvm.dll+0x359f9e]
V  [jvm.dll+0x35a1cf]
V  [jvm.dll+0x2da3e8]
V  [jvm.dll+0x2db354]
V  [jvm.dll+0x7aa711]
V  [jvm.dll+0x367b51]
V  [jvm.dll+0x789979]
V  [jvm.dll+0x3eb05f]
V  [jvm.dll+0x3ecae1]
C  [jli.dll+0x5297]
C  [ucrtbase.dll+0x21bb2]
C  [KERNEL32.DLL+0x17374]
C  [ntdll.dll+0x4cc91]


---------------  P R O C E S S  ---------------

Threads class SMR info:
_java_thread_list=0x00007ffd384259d8, length=0, elements={
}

Java Threads: ( => current thread )

Other Threads:
  0x000001fe0b659ad0 GCTaskThread "GC Thread#0" [stack: 0x0000009305b00000,0x0000009305c00000] [id=13616]
  0x000001fe0b65b110 ConcurrentGCThread "G1 Main Marker" [stack: 0x0000009305c00000,0x0000009305d00000] [id=15136]
  0x000001fe0b65ba20 ConcurrentGCThread "G1 Conc#0" [stack: 0x0000009305d00000,0x0000009305e00000] [id=8352]

[error occurred during error reporting (printing all threads), id 0xc0000005, EXCEPTION_ACCESS_VIOLATION (0xc0000005) at pc=0x00007ffd37c5b047]

VM state: not at safepoint (not fully initialized)

VM Mutex/Monitor currently owned by a thread:  ([mutex/lock_event])
[0x000001fe0b635b60] Heap_lock - owner thread: 0x000001fe0b639e50

Heap address: 0x00000000fc000000, size: 64 MB, Compressed Oops mode: 32-bit

CDS archive(s) mapped at: [0x0000000000000000-0x0000000000000000-0x0000000000000000), size 0, SharedBaseAddress: 0x0000000800000000, ArchiveRelocationMode: 1.
Narrow klass base: 0x0000000000000000, Narrow klass shift: 0, Narrow klass range: 0x0

GC Precious Log:
<Empty>

Heap:
 garbage-first heap   total 0K, used 0K [0x00000000fc000000, 0x0000000100000000)
  region size 1024K, 0 young (0K), 0 survivors (0K)

[error occurred during error reporting (printing heap information), id 0xc0000005, EXCEPTION_ACCESS_VIOLATION (0xc0000005) at pc=0x00007ffd38041499]

GC Heap History (0 events):
No events

Deoptimization events (0 events):
No events

Classes unloaded (0 events):
No events

Classes redefined (0 events):
No events

Internal exceptions (0 events):
No events

VM Operations (0 events):
No events

Events (1 events):
Event: 0.006 Loaded shared library C:\Program Files\Java\jdk-17\bin\java.dll


Dynamic libraries:
0x00007ff65dc40000 - 0x00007ff65dc50000 	C:\Program Files\Java\jdk-17\bin\java.exe
0x00007ffdbde90000 - 0x00007ffdbe088000 	C:\Windows\SYSTEM32\ntdll.dll
0x00007ffdbc5b0000 - 0x00007ffdbc672000 	C:\Windows\System32\KERNEL32.DLL
0x00007ffdbb7b0000 - 0x00007ffdbbaa6000 	C:\Windows\System32\KERNELBASE.dll
0x00007ffdbbbd0000 - 0x00007ffdbbcd0000 	C:\Windows\System32\ucrtbase.dll
0x00007ffdb4030000 - 0x00007ffdb404b000 	C:\Program Files\Java\jdk-17\bin\VCRUNTIME140.dll
0x00007ffdb3f00000 - 0x00007ffdb3f19000 	C:\Program Files\Java\jdk-17\bin\jli.dll
0x00007ffdbd1a0000 - 0x00007ffdbd24f000 	C:\Windows\System32\ADVAPI32.dll
0x00007ffdbc8b0000 - 0x00007ffdbc94e000 	C:\Windows\System32\msvcrt.dll
0x00007ffdbc730000 - 0x00007ffdbc7cf000 	C:\Windows\System32\sechost.dll
0x00007ffdbd3e0000 - 0x00007ffdbd503000 	C:\Windows\System32\RPCRT4.dll
0x00007ffdbbdb0000 - 0x00007ffdbbdd7000 	C:\Windows\System32\bcrypt.dll
0x00007ffdbd840000 - 0x00007ffdbd9dd000 	C:\Windows\System32\USER32.dll
0x00007ffdbbe90000 - 0x00007ffdbbeb2000 	C:\Windows\System32\win32u.dll
0x00007ffdbd9e0000 - 0x00007ffdbda0b000 	C:\Windows\System32\GDI32.dll
0x00007ffda6920000 - 0x00007ffda6bba000 	C:\Windows\WinSxS\amd64_microsoft.windows.common-controls_6595b64144ccf1df_6.0.19041.5794_none_60bcd33171f2783c\COMCTL32.dll
0x00007ffdbbab0000 - 0x00007ffdbbbca000 	C:\Windows\System32\gdi32full.dll
0x00007ffdbb710000 - 0x00007ffdbb7ad000 	C:\Windows\System32\msvcp_win.dll
0x00007ffdb2110000 - 0x00007ffdb211a000 	C:\Windows\SYSTEM32\VERSION.dll
0x00007ffdbc700000 - 0x00007ffdbc72f000 	C:\Windows\System32\IMM32.DLL
0x00007ffdb3530000 - 0x00007ffdb353c000 	C:\Program Files\Java\jdk-17\bin\vcruntime140_1.dll
0x00007ffd9e3d0000 - 0x00007ffd9e45e000 	C:\Program Files\Java\jdk-17\bin\msvcp140.dll
0x00007ffd37970000 - 0x00007ffd3854e000 	C:\Program Files\Java\jdk-17\bin\server\jvm.dll
0x00007ffdbdd70000 - 0x00007ffdbdd78000 	C:\Windows\System32\PSAPI.DLL
0x00007ffdb3f50000 - 0x00007ffdb3f59000 	C:\Windows\SYSTEM32\WSOCK32.dll
0x00007ffdbc9b0000 - 0x00007ffdbca1b000 	C:\Windows\System32\WS2_32.dll
0x00007ffda6690000 - 0x00007ffda66b7000 	C:\Windows\SYSTEM32\WINMM.dll
0x00007ffdb9d50000 - 0x00007ffdb9d62000 	C:\Windows\SYSTEM32\kernel.appcore.dll
0x00007ffdb3520000 - 0x00007ffdb352a000 	C:\Program Files\Java\jdk-17\bin\jimage.dll
0x00007ffdb9290000 - 0x00007ffdb9474000 	C:\Windows\SYSTEM32\DBGHELP.DLL
0x00007ffdb26a0000 - 0x00007ffdb26d4000 	C:\Windows\SYSTEM32\dbgcore.DLL
0x00007ffdbbcd0000 - 0x00007ffdbbd52000 	C:\Windows\System32\bcryptPrimitives.dll
0x00007ffdb1cb0000 - 0x00007ffdb1cd5000 	C:\Program Files\Java\jdk-17\bin\java.dll

dbghelp: loaded successfully - version: 4.0.5 - missing functions: none
symbol engine: initialized successfully - sym options: 0x614 - pdb path: .;C:\Program Files\Java\jdk-17\bin;C:\Windows\SYSTEM32;C:\Windows\WinSxS\amd64_microsoft.windows.common-controls_6595b64144ccf1df_6.0.19041.5794_none_60bcd33171f2783c;C:\Program Files\Java\jdk-17\bin\server

VM Arguments:
jvm_args: -Xmx64m -Xms64m -Dorg.gradle.appname=gradlew 
java_command: org.gradle.wrapper.GradleWrapperMain tasks
java_class_path (initial): D:\React Native\RNtask\android\\gradle\wrapper\gradle-wrapper.jar
Launcher Type: SUN_STANDARD

[Global flags]
     intx CICompilerCount                          = 3                                         {product} {ergonomic}
     uint ConcGCThreads                            = 1                                         {product} {ergonomic}
     uint G1ConcRefinementThreads                  = 4                                         {product} {ergonomic}
   size_t G1HeapRegionSize                         = 1048576                                   {product} {ergonomic}
    uintx GCDrainStackTargetSize                   = 64                                        {product} {ergonomic}
   size_t InitialHeapSize                          = 67108864                                  {product} {command line}
   size_t MarkStackSize                            = 4194304                                   {product} {ergonomic}
   size_t MaxHeapSize                              = 67108864                                  {product} {command line}
   size_t MinHeapDeltaBytes                        = 1048576                                   {product} {ergonomic}
   size_t MinHeapSize                              = 67108864                                  {product} {command line}
    uintx NonNMethodCodeHeapSize                   = 5832780                                {pd product} {ergonomic}
    uintx NonProfiledCodeHeapSize                  = 122912730                              {pd product} {ergonomic}
    uintx ProfiledCodeHeapSize                     = 122912730                              {pd product} {ergonomic}
    uintx ReservedCodeCacheSize                    = 251658240                              {pd product} {ergonomic}
     bool SegmentedCodeCache                       = true                                      {product} {ergonomic}
   size_t SoftMaxHeapSize                          = 67108864                               {manageable} {ergonomic}
     bool UseCompressedClassPointers               = true                           {product lp64_product} {ergonomic}
     bool UseCompressedOops                        = true                           {product lp64_product} {ergonomic}
     bool UseG1GC                                  = true                                      {product} {ergonomic}
     bool UseLargePagesIndividualAllocation        = false                                  {pd product} {ergonomic}

Logging:
Log output configuration:
 #0: stdout all=warning uptime,level,tags
 #1: stderr all=off uptime,level,tags

Environment Variables:
JAVA_HOME=C:\Program Files\Java\jdk-17
CLASSPATH=D:\React Native\RNtask\android\\gradle\wrapper\gradle-wrapper.jar
PATH=D:\React Native\RNtask\node_modules\.bin;D:\React Native\RNtask\node_modules\.bin;D:\React Native\node_modules\.bin;D:\node_modules\.bin;C:\Users\user\AppData\Roaming\npm\node_modules\npm\node_modules\@npmcli\run-script\lib\node-gyp-bin;D:\React Native\RNtask\node_modules\.bin;D:\React Native\node_modules\.bin;D:\node_modules\.bin;C:\Users\user\AppData\Roaming\npm\node_modules\npm\node_modules\@npmcli\run-script\lib\node-gyp-bin;C:\Program Files\Common Files\Oracle\Java\javapath;C:\Windows\system32;C:\Windows;C:\Windows\System32\Wbem;C:\Windows\System32\WindowsPowerShell\v1.0\;C:\Windows\System32\OpenSSH\;C:\Program Files (x86)\Intel\Intel(R) Management Engine Components\DAL;C:\Program Files\Intel\Intel(R) Management Engine Components\DAL;C:\Program Files\platform-tools;C:\Program Files\nodejs\;C:\Users\user\AppData\Local\Android\Sdk\platform-tools;C:\Program Files\Java\jdk-17\bin;C:\Program Files\Git\cmd;C:\ProgramData\chocolatey\bin;C:\Users\user\AppData\Local\Microsoft\WindowsApps;C:\Users\user\AppData\Local\Programs\Microsoft VS Code\bin;C:\Users\user\AppData\Roaming\npm;C:\Program Files\Java\jdk-17\bin;
USERNAME=user
LANG=en_US.UTF-8
OS=Windows_NT
PROCESSOR_IDENTIFIER=Intel64 Family 6 Model 142 Stepping 9, GenuineIntel



---------------  S Y S T E M  ---------------

OS:
 Windows 10 , 64 bit Build 19041 (10.0.19041.5794)
OS uptime: 0 days 3:04 hours

CPU: total 4 (initial active 4) (2 cores per cpu, 2 threads per core) family 6 model 142 stepping 9 microcode 0xf6, cx8, cmov, fxsr, ht, mmx, 3dnowpref, sse, sse2, sse3, ssse3, sse4.1, sse4.2, popcnt, lzcnt, tsc, tscinvbit, avx, avx2, aes, erms, clmul, bmi1, bmi2, rtm, adx, fma, vzeroupper, clflush, clflushopt

Memory: 4k page, system-wide physical 16265M (2525M free)
TotalPageFile size 17538M (AvailPageFile size 22M)
current process WorkingSet (physical memory assigned to process): 10M, peak: 10M
current process commit charge ("private bytes"): 51M, peak: 115M

vm_info: Java HotSpot(TM) 64-Bit Server VM (17.0.8+9-LTS-211) for windows-amd64 JRE (17.0.8+9-LTS-211), built on Jun 14 2023 10:34:31 by "mach5one" with MS VC++ 17.1 (VS2022)

END.
