#
# There is insufficient memory for the Java Runtime Environment to continue.
# Native memory allocation (malloc) failed to allocate 32784 bytes for Chunk::new
# Possible reasons:
#   The system is out of physical RAM or swap space
#   The process is running with CompressedOops enabled, and the Java Heap may be blocking the growth of the native heap
# Possible solutions:
#   Reduce memory load on the system
#   Increase physical memory or swap space
#   Check if swap backing store is full
#   Decrease Java heap size (-Xmx/-Xms)
#   Decrease number of Java threads
#   Decrease Java thread stack sizes (-Xss)
#   Set larger code cache with -XX:ReservedCodeCacheSize=
#   JVM is running with Unscaled Compressed Oops mode in which the Java heap is
#     placed in the first 4GB address space. The Java Heap base address is the
#     maximum limit for the native heap growth. Please use -XX:HeapBaseMinAddress
#     to set the Java Heap base and to place the Java Heap above 4GB virtual address.
# This output file may be truncated or incomplete.
#
#  Out of Memory Error (arena.cpp:189), pid=12348, tid=14452
#
# JRE version: Java(TM) SE Runtime Environment (17.0.8+9) (build 17.0.8+9-LTS-211)
# Java VM: Java HotSpot(TM) 64-Bit Server VM (17.0.8+9-LTS-211, mixed mode, sharing, tiered, compressed oops, compressed class ptrs, g1 gc, windows-amd64)
# No core dump will be written. Minidumps are not enabled by default on client versions of Windows
#

---------------  S U M M A R Y ------------

Command Line: -Xmx64m -Xms64m -Dorg.gradle.appname=gradlew org.gradle.wrapper.GradleWrapperMain tasks

Host: Intel(R) Core(TM) i5-7300U CPU @ 2.60GHz, 4 cores, 15G,  Windows 10 , 64 bit Build 19041 (10.0.19041.5794)
Time: Wed May  7 02:43:47 2025 India Standard Time elapsed time: 0.489421 seconds (0d 0h 0m 0s)

---------------  T H R E A D  ---------------

Current thread (0x0000020a9fca7580):  JavaThread "C2 CompilerThread0" daemon [_thread_in_native, id=14452, stack(0x0000007d4d900000,0x0000007d4da00000)]


Current CompileTask:
C2:    489  555       4       java.util.HashMap::putVal (300 bytes)

Stack: [0x0000007d4d900000,0x0000007d4da00000]
Native frames: (J=compiled Java code, j=interpreted, Vv=VM code, C=native code)
V  [jvm.dll+0x677d0a]
V  [jvm.dll+0x7d8c54]
V  [jvm.dll+0x7da3fe]
V  [jvm.dll+0x7daa63]
V  [jvm.dll+0x245c5f]
V  [jvm.dll+0xaaa6b]
V  [jvm.dll+0xab00c]
V  [jvm.dll+0xaab84]
V  [jvm.dll+0x6565ec]
V  [jvm.dll+0x21f429]
V  [jvm.dll+0x69b161]
V  [jvm.dll+0x217159]
V  [jvm.dll+0x1a3af0]
V  [jvm.dll+0x2270be]
V  [jvm.dll+0x22535b]
V  [jvm.dll+0x78e7bc]
V  [jvm.dll+0x788bba]
V  [jvm.dll+0x676b35]
C  [ucrtbase.dll+0x21bb2]
C  [KERNEL32.DLL+0x17374]
C  [ntdll.dll+0x4cc91]


---------------  P R O C E S S  ---------------

Threads class SMR info:
_java_thread_list=0x0000020ae503fbf0, length=12, elements={
0x0000020a84e67fd0, 0x0000020a9fc81230, 0x0000020a9fc81fb0, 0x0000020a9fc963f0,
0x0000020a9fc982d0, 0x0000020a9fc9b1b0, 0x0000020a9fca44a0, 0x0000020a9fca7580,
0x0000020a9fca7b40, 0x0000020a9fcb3f40, 0x0000020ae503b680, 0x0000020ae5044ba0
}

Java Threads: ( => current thread )
  0x0000020a84e67fd0 JavaThread "main" [_thread_blocked, id=16212, stack(0x0000007d4cc00000,0x0000007d4cd00000)]
  0x0000020a9fc81230 JavaThread "Reference Handler" daemon [_thread_blocked, id=12788, stack(0x0000007d4d300000,0x0000007d4d400000)]
  0x0000020a9fc81fb0 JavaThread "Finalizer" daemon [_thread_blocked, id=14728, stack(0x0000007d4d400000,0x0000007d4d500000)]
  0x0000020a9fc963f0 JavaThread "Signal Dispatcher" daemon [_thread_in_vm, id=8992, stack(0x0000007d4d500000,0x0000007d4d600000)]
  0x0000020a9fc982d0 JavaThread "Attach Listener" daemon [_thread_blocked, id=13452, stack(0x0000007d4d600000,0x0000007d4d700000)]
  0x0000020a9fc9b1b0 JavaThread "Service Thread" daemon [_thread_blocked, id=13660, stack(0x0000007d4d700000,0x0000007d4d800000)]
  0x0000020a9fca44a0 JavaThread "Monitor Deflation Thread" daemon [_thread_blocked, id=6188, stack(0x0000007d4d800000,0x0000007d4d900000)]
=>0x0000020a9fca7580 JavaThread "C2 CompilerThread0" daemon [_thread_in_native, id=14452, stack(0x0000007d4d900000,0x0000007d4da00000)]
  0x0000020a9fca7b40 JavaThread "C1 CompilerThread0" daemon [_thread_blocked, id=2112, stack(0x0000007d4da00000,0x0000007d4db00000)]
  0x0000020a9fcb3f40 JavaThread "Sweeper thread" daemon [_thread_blocked, id=10680, stack(0x0000007d4db00000,0x0000007d4dc00000)]
  0x0000020ae503b680 JavaThread "Notification Thread" daemon [_thread_blocked, id=8492, stack(0x0000007d4dc00000,0x0000007d4dd00000)]
  0x0000020ae5044ba0 JavaThread "Common-Cleaner" daemon [_thread_blocked, id=3176, stack(0x0000007d4de00000,0x0000007d4df00000)]

Other Threads:
  0x0000020a84f3d630 VMThread "VM Thread" [stack: 0x0000007d4d200000,0x0000007d4d300000] [id=8076] _threads_hazard_ptr=0x0000020ae503fbf0
  0x0000020a84e87af0 GCTaskThread "GC Thread#0" [stack: 0x0000007d4cd00000,0x0000007d4ce00000] [id=11728]
  0x0000020ae54148d0 GCTaskThread "GC Thread#1" [stack: 0x0000007d4df00000,0x0000007d4e000000] [id=3540]
  0x0000020ae53fec10 GCTaskThread "GC Thread#2" [stack: 0x0000007d4e000000,0x0000007d4e100000] [id=6048]
  0x0000020ae53e9050 GCTaskThread "GC Thread#3" [stack: 0x0000007d4e100000,0x0000007d4e200000] [id=13528]
  0x0000020a84e89230 ConcurrentGCThread "G1 Main Marker" terminated
  0x0000020a84e8a450 ConcurrentGCThread "G1 Conc#0" [stack: 0x0000007d4cf00000,0x0000007d4d000000] [id=272]
  0x0000020a84edc4e0 ConcurrentGCThread "G1 Refine#0" terminated
  0x0000020a84edde20 ConcurrentGCThread "G1 Service" terminated

Threads with active compile tasks:
C2 CompilerThread0      519  555       4       java.util.HashMap::putVal (300 bytes)

VM state: synchronizing (normal execution)

VM Mutex/Monitor currently owned by a thread:  ([mutex/lock_event])
[0x0000020a84e64db0] Threads_lock - owner thread: 0x0000020a84f3d630
[0x0000020a84e63e80] Heap_lock - owner thread: 0x0000020a84e67fd0

OutOfMemory and StackOverflow Exception counts:
OutOfMemoryError java_heap_errors=1
StackOverflowErrors=1
LinkageErrors=3

Heap address: 0x00000000fc000000, size: 64 MB, Compressed Oops mode: 32-bit

CDS archive(s) mapped at: [0x0000020aa0000000-0x0000020aa0bd0000-0x0000020aa0bd0000), size 12386304, SharedBaseAddress: 0x0000020aa0000000, ArchiveRelocationMode: 1.
Compressed class space mapped at: 0x0000020aa1000000-0x0000020ae1000000, reserved size: 1073741824
Narrow klass base: 0x0000020aa0000000, Narrow klass shift: 0, Narrow klass range: 0x100000000

GC Precious Log:
 CPUs: 4 total, 4 available
 Memory: 16265M
 Large Page Support: Disabled
 NUMA Support: Disabled
 Compressed Oops: Enabled (32-bit)
 Heap Region Size: 1M
 Heap Min Capacity: 64M
 Heap Initial Capacity: 64M
 Heap Max Capacity: 64M
 Pre-touch: Disabled
 Parallel Workers: 4
 Concurrent Workers: 1
 Concurrent Refinement Workers: 4
 Periodic GC: Disabled

Heap:
 garbage-first heap   total 65536K, used 3412K [0x00000000fc000000, 0x0000000100000000)
  region size 1024K, 3 young (3072K), 2 survivors (2048K)
 Metaspace       used 1856K, committed 1984K, reserved 1114112K
  class space    used 173K, committed 256K, reserved 1048576K

Heap Regions: E=young(eden), S=young(survivor), O=old, HS=humongous(starts), HC=humongous(continues), CS=collection set, F=free, OA=open archive, CA=closed archive, TAMS=top-at-mark-start (previous, next)
|   0|0x00000000fc000000, 0x00000000fc100000, 0x00000000fc100000|100%| O|  |TAMS 0x00000000fc000000, 0x00000000fc000000| Untracked 
|   1|0x00000000fc100000, 0x00000000fc155200, 0x00000000fc200000| 33%| O|  |TAMS 0x00000000fc100000, 0x00000000fc100000| Untracked 
|   2|0x00000000fc200000, 0x00000000fc200000, 0x00000000fc300000|  0%| F|  |TAMS 0x00000000fc200000, 0x00000000fc200000| Untracked 
|   3|0x00000000fc300000, 0x00000000fc300000, 0x00000000fc400000|  0%| F|  |TAMS 0x00000000fc300000, 0x00000000fc300000| Untracked 
|   4|0x00000000fc400000, 0x00000000fc400000, 0x00000000fc500000|  0%| F|  |TAMS 0x00000000fc400000, 0x00000000fc400000| Untracked 
|   5|0x00000000fc500000, 0x00000000fc500000, 0x00000000fc600000|  0%| F|  |TAMS 0x00000000fc500000, 0x00000000fc500000| Untracked 
|   6|0x00000000fc600000, 0x00000000fc600000, 0x00000000fc700000|  0%| F|  |TAMS 0x00000000fc600000, 0x00000000fc600000| Untracked 
|   7|0x00000000fc700000, 0x00000000fc700000, 0x00000000fc800000|  0%| F|  |TAMS 0x00000000fc700000, 0x00000000fc700000| Untracked 
|   8|0x00000000fc800000, 0x00000000fc800000, 0x00000000fc900000|  0%| F|  |TAMS 0x00000000fc800000, 0x00000000fc800000| Untracked 
|   9|0x00000000fc900000, 0x00000000fc900000, 0x00000000fca00000|  0%| F|  |TAMS 0x00000000fc900000, 0x00000000fc900000| Untracked 
|  10|0x00000000fca00000, 0x00000000fca00000, 0x00000000fcb00000|  0%| F|  |TAMS 0x00000000fca00000, 0x00000000fca00000| Untracked 
|  11|0x00000000fcb00000, 0x00000000fcb00000, 0x00000000fcc00000|  0%| F|  |TAMS 0x00000000fcb00000, 0x00000000fcb00000| Untracked 
|  12|0x00000000fcc00000, 0x00000000fcc00000, 0x00000000fcd00000|  0%| F|  |TAMS 0x00000000fcc00000, 0x00000000fcc00000| Untracked 
|  13|0x00000000fcd00000, 0x00000000fcd00000, 0x00000000fce00000|  0%| F|  |TAMS 0x00000000fcd00000, 0x00000000fcd00000| Untracked 
|  14|0x00000000fce00000, 0x00000000fce00000, 0x00000000fcf00000|  0%| F|  |TAMS 0x00000000fce00000, 0x00000000fce00000| Untracked 
|  15|0x00000000fcf00000, 0x00000000fcf00000, 0x00000000fd000000|  0%| F|  |TAMS 0x00000000fcf00000, 0x00000000fcf00000| Untracked 
|  16|0x00000000fd000000, 0x00000000fd000000, 0x00000000fd100000|  0%| F|  |TAMS 0x00000000fd000000, 0x00000000fd000000| Untracked 
|  17|0x00000000fd100000, 0x00000000fd100000, 0x00000000fd200000|  0%| F|  |TAMS 0x00000000fd100000, 0x00000000fd100000| Untracked 
|  18|0x00000000fd200000, 0x00000000fd200000, 0x00000000fd300000|  0%| F|  |TAMS 0x00000000fd200000, 0x00000000fd200000| Untracked 
|  19|0x00000000fd300000, 0x00000000fd300000, 0x00000000fd400000|  0%| F|  |TAMS 0x00000000fd300000, 0x00000000fd300000| Untracked 
|  20|0x00000000fd400000, 0x00000000fd400000, 0x00000000fd500000|  0%| F|  |TAMS 0x00000000fd400000, 0x00000000fd400000| Untracked 
|  21|0x00000000fd500000, 0x00000000fd500000, 0x00000000fd600000|  0%| F|  |TAMS 0x00000000fd500000, 0x00000000fd500000| Untracked 
|  22|0x00000000fd600000, 0x00000000fd600000, 0x00000000fd700000|  0%| F|  |TAMS 0x00000000fd600000, 0x00000000fd600000| Untracked 
|  23|0x00000000fd700000, 0x00000000fd700000, 0x00000000fd800000|  0%| F|  |TAMS 0x00000000fd700000, 0x00000000fd700000| Untracked 
|  24|0x00000000fd800000, 0x00000000fd800000, 0x00000000fd900000|  0%| F|  |TAMS 0x00000000fd800000, 0x00000000fd800000| Untracked 
|  25|0x00000000fd900000, 0x00000000fd900000, 0x00000000fda00000|  0%| F|  |TAMS 0x00000000fd900000, 0x00000000fd900000| Untracked 
|  26|0x00000000fda00000, 0x00000000fda00000, 0x00000000fdb00000|  0%| F|  |TAMS 0x00000000fda00000, 0x00000000fda00000| Untracked 
|  27|0x00000000fdb00000, 0x00000000fdb00000, 0x00000000fdc00000|  0%| F|  |TAMS 0x00000000fdb00000, 0x00000000fdb00000| Untracked 
|  28|0x00000000fdc00000, 0x00000000fdc00000, 0x00000000fdd00000|  0%| F|  |TAMS 0x00000000fdc00000, 0x00000000fdc00000| Untracked 
|  29|0x00000000fdd00000, 0x00000000fdd00000, 0x00000000fde00000|  0%| F|  |TAMS 0x00000000fdd00000, 0x00000000fdd00000| Untracked 
|  30|0x00000000fde00000, 0x00000000fde00000, 0x00000000fdf00000|  0%| F|  |TAMS 0x00000000fde00000, 0x00000000fde00000| Untracked 
|  31|0x00000000fdf00000, 0x00000000fdf00000, 0x00000000fe000000|  0%| F|  |TAMS 0x00000000fdf00000, 0x00000000fdf00000| Untracked 
|  32|0x00000000fe000000, 0x00000000fe000000, 0x00000000fe100000|  0%| F|  |TAMS 0x00000000fe000000, 0x00000000fe000000| Untracked 
|  33|0x00000000fe100000, 0x00000000fe100000, 0x00000000fe200000|  0%| F|  |TAMS 0x00000000fe100000, 0x00000000fe100000| Untracked 
|  34|0x00000000fe200000, 0x00000000fe200000, 0x00000000fe300000|  0%| F|  |TAMS 0x00000000fe200000, 0x00000000fe200000| Untracked 
|  35|0x00000000fe300000, 0x00000000fe300000, 0x00000000fe400000|  0%| F|  |TAMS 0x00000000fe300000, 0x00000000fe300000| Untracked 
|  36|0x00000000fe400000, 0x00000000fe400000, 0x00000000fe500000|  0%| F|  |TAMS 0x00000000fe400000, 0x00000000fe400000| Untracked 
|  37|0x00000000fe500000, 0x00000000fe500000, 0x00000000fe600000|  0%| F|  |TAMS 0x00000000fe500000, 0x00000000fe500000| Untracked 
|  38|0x00000000fe600000, 0x00000000fe600000, 0x00000000fe700000|  0%| F|  |TAMS 0x00000000fe600000, 0x00000000fe600000| Untracked 
|  39|0x00000000fe700000, 0x00000000fe700000, 0x00000000fe800000|  0%| F|  |TAMS 0x00000000fe700000, 0x00000000fe700000| Untracked 
|  40|0x00000000fe800000, 0x00000000fe800000, 0x00000000fe900000|  0%| F|  |TAMS 0x00000000fe800000, 0x00000000fe800000| Untracked 
|  41|0x00000000fe900000, 0x00000000fe900000, 0x00000000fea00000|  0%| F|  |TAMS 0x00000000fe900000, 0x00000000fe900000| Untracked 
|  42|0x00000000fea00000, 0x00000000fea00000, 0x00000000feb00000|  0%| F|  |TAMS 0x00000000fea00000, 0x00000000fea00000| Untracked 
|  43|0x00000000feb00000, 0x00000000feb00000, 0x00000000fec00000|  0%| F|  |TAMS 0x00000000feb00000, 0x00000000feb00000| Untracked 
|  44|0x00000000fec00000, 0x00000000fec00000, 0x00000000fed00000|  0%| F|  |TAMS 0x00000000fec00000, 0x00000000fec00000| Untracked 
|  45|0x00000000fed00000, 0x00000000fed00000, 0x00000000fee00000|  0%| F|  |TAMS 0x00000000fed00000, 0x00000000fed00000| Untracked 
|  46|0x00000000fee00000, 0x00000000fee00000, 0x00000000fef00000|  0%| F|  |TAMS 0x00000000fee00000, 0x00000000fee00000| Untracked 
|  47|0x00000000fef00000, 0x00000000fef00000, 0x00000000ff000000|  0%| F|  |TAMS 0x00000000fef00000, 0x00000000fef00000| Untracked 
|  48|0x00000000ff000000, 0x00000000ff000000, 0x00000000ff100000|  0%| F|  |TAMS 0x00000000ff000000, 0x00000000ff000000| Untracked 
|  49|0x00000000ff100000, 0x00000000ff200000, 0x00000000ff200000|100%| S|CS|TAMS 0x00000000ff100000, 0x00000000ff100000| Complete 
|  50|0x00000000ff200000, 0x00000000ff300000, 0x00000000ff300000|100%| S|CS|TAMS 0x00000000ff200000, 0x00000000ff200000| Complete 
|  51|0x00000000ff300000, 0x00000000ff300000, 0x00000000ff400000|  0%| F|  |TAMS 0x00000000ff300000, 0x00000000ff300000| Untracked 
|  52|0x00000000ff400000, 0x00000000ff400000, 0x00000000ff500000|  0%| F|  |TAMS 0x00000000ff400000, 0x00000000ff400000| Untracked 
|  53|0x00000000ff500000, 0x00000000ff500000, 0x00000000ff600000|  0%| F|  |TAMS 0x00000000ff500000, 0x00000000ff500000| Untracked 
|  54|0x00000000ff600000, 0x00000000ff600000, 0x00000000ff700000|  0%| F|  |TAMS 0x00000000ff600000, 0x00000000ff600000| Untracked 
|  55|0x00000000ff700000, 0x00000000ff700000, 0x00000000ff800000|  0%| F|  |TAMS 0x00000000ff700000, 0x00000000ff700000| Untracked 
|  56|0x00000000ff800000, 0x00000000ff800000, 0x00000000ff900000|  0%| F|  |TAMS 0x00000000ff800000, 0x00000000ff800000| Untracked 
|  57|0x00000000ff900000, 0x00000000ff900000, 0x00000000ffa00000|  0%| F|  |TAMS 0x00000000ff900000, 0x00000000ff900000| Untracked 
|  58|0x00000000ffa00000, 0x00000000ffa00000, 0x00000000ffb00000|  0%| F|  |TAMS 0x00000000ffa00000, 0x00000000ffa00000| Untracked 
|  59|0x00000000ffb00000, 0x00000000ffb00000, 0x00000000ffc00000|  0%| F|  |TAMS 0x00000000ffb00000, 0x00000000ffb00000| Untracked 
|  60|0x00000000ffc00000, 0x00000000ffc00000, 0x00000000ffd00000|  0%| F|  |TAMS 0x00000000ffc00000, 0x00000000ffc00000| Untracked 
|  61|0x00000000ffd00000, 0x00000000ffd00000, 0x00000000ffe00000|  0%| F|  |TAMS 0x00000000ffd00000, 0x00000000ffd00000| Untracked 
|  62|0x00000000ffe00000, 0x00000000ffe00000, 0x00000000fff00000|  0%| F|  |TAMS 0x00000000ffe00000, 0x00000000ffe00000| Untracked 
|  63|0x00000000fff00000, 0x00000000fff98938, 0x0000000100000000| 59%| E|  |TAMS 0x00000000fff00000, 0x00000000fff00000| Complete 

Card table byte_map: [0x0000020a84f40000,0x0000020a84f60000] _byte_map_base: 0x0000020a84760000

Marking Bits (Prev, Next): (CMBitMap*) 0x0000020a84e88100, (CMBitMap*) 0x0000020a84e88140
 Prev Bits: [0x0000020a9d530000, 0x0000020a9d630000)
 Next Bits: [0x0000020a9d630000, 0x0000020a9d730000)

Polling page: 0x0000020a84ce0000

Metaspace:

Usage:
  Non-class:      1.64 MB used.
      Class:    173.66 KB used.
       Both:      1.81 MB used.

Virtual space:
  Non-class space:       64.00 MB reserved,       1.69 MB (  3%) committed,  1 nodes.
      Class space:        1.00 GB reserved,     256.00 KB ( <1%) committed,  1 nodes.
             Both:        1.06 GB reserved,       1.94 MB ( <1%) committed. 

Chunk freelists:
   Non-Class:  11.64 MB
       Class:  15.67 MB
        Both:  27.31 MB

MaxMetaspaceSize: unlimited
CompressedClassSpaceSize: 1.00 GB
Initial GC threshold: 21.00 MB
Current GC threshold: 21.00 MB
CDS: on
MetaspaceReclaimPolicy: balanced
 - commit_granule_bytes: 65536.
 - commit_granule_words: 8192.
 - virtual_space_node_default_size: 8388608.
 - enlarge_chunks_in_place: 1.
 - new_chunks_are_fully_committed: 0.
 - uncommit_free_chunks: 1.
 - use_allocation_guard: 0.
 - handle_deallocations: 1.


Internal statistics:

num_allocs_failed_limit: 0.
num_arena_births: 14.
num_arena_deaths: 0.
num_vsnodes_births: 2.
num_vsnodes_deaths: 0.
num_space_committed: 31.
num_space_uncommitted: 0.
num_chunks_returned_to_freelist: 0.
num_chunks_taken_from_freelist: 52.
num_chunk_merges: 0.
num_chunk_splits: 24.
num_chunks_enlarged: 17.
num_purges: 0.
num_inconsistent_stats: 0.

CodeHeap 'non-profiled nmethods': size=120000Kb used=184Kb max_used=184Kb free=119815Kb
 bounds [0x0000020a959c0000, 0x0000020a95c30000, 0x0000020a9cef0000]
CodeHeap 'profiled nmethods': size=120000Kb used=955Kb max_used=955Kb free=119044Kb
 bounds [0x0000020a8def0000, 0x0000020a8e160000, 0x0000020a95420000]
CodeHeap 'non-nmethods': size=5760Kb used=1121Kb max_used=1143Kb free=4638Kb
 bounds [0x0000020a95420000, 0x0000020a95690000, 0x0000020a959c0000]
 total_blobs=960 nmethods=557 adapters=316
 compilation: enabled
              stopped_count=0, restarted_count=0
 full_count=0

Compilation events (20 events):
Event: 0.474 Thread 0x0000020a9fca7b40 nmethod 547 0x0000020a8dfd7e90 code [0x0000020a8dfd8020, 0x0000020a8dfd8138]
Event: 0.475 Thread 0x0000020a9fca7b40  548       3       java.lang.String::concat (15 bytes)
Event: 0.476 Thread 0x0000020a9fca7b40 nmethod 548 0x0000020a8dfd8190 code [0x0000020a8dfd84c0, 0x0000020a8dfd9938]
Event: 0.476 Thread 0x0000020a9fca7b40  551       3       java.lang.ClassLoader::getClassLoadingLock (35 bytes)
Event: 0.477 Thread 0x0000020a9fca7b40 nmethod 551 0x0000020a8dfda090 code [0x0000020a8dfda240, 0x0000020a8dfda548]
Event: 0.477 Thread 0x0000020a9fca7b40  549       3       java.lang.StringConcatHelper::simpleConcat (94 bytes)
Event: 0.478 Thread 0x0000020a9fca7b40 nmethod 549 0x0000020a8dfda690 code [0x0000020a8dfda9c0, 0x0000020a8dfdbdd8]
Event: 0.478 Thread 0x0000020a9fca7b40  552       3       java.lang.ClassLoader::findLoadedClass (15 bytes)
Event: 0.478 Thread 0x0000020a9fca7b40 nmethod 552 0x0000020a8dfdc510 code [0x0000020a8dfdc6c0, 0x0000020a8dfdc8b8]
Event: 0.478 Thread 0x0000020a9fca7b40  550       3       java.lang.StringConcatHelper::newString (67 bytes)
Event: 0.479 Thread 0x0000020a9fca7b40 nmethod 550 0x0000020a8dfdc990 code [0x0000020a8dfdcc00, 0x0000020a8dfdd688]
Event: 0.484 Thread 0x0000020a9fca7b40  554       1       jdk.internal.loader.BuiltinClassLoader$LoadedModule::loader (5 bytes)
Event: 0.484 Thread 0x0000020a9fca7b40 nmethod 554 0x0000020a959edd90 code [0x0000020a959edf20, 0x0000020a959edff8]
Event: 0.485 Thread 0x0000020a9fca7580  555       4       java.util.HashMap::putVal (300 bytes)
Event: 0.485 Thread 0x0000020a9fca7b40  556       3       java.util.HashMap$HashIterator::nextNode (100 bytes)
Event: 0.486 Thread 0x0000020a9fca7b40 nmethod 556 0x0000020a8dfdda10 code [0x0000020a8dfddc00, 0x0000020a8dfde138]
Event: 0.486 Thread 0x0000020a9fca7b40  557       3       java.util.Collections$UnmodifiableCollection$1::next (10 bytes)
Event: 0.486 Thread 0x0000020a9fca7b40 nmethod 557 0x0000020a8dfde310 code [0x0000020a8dfde4c0, 0x0000020a8dfde688]
Event: 0.486 Thread 0x0000020a9fca7b40  559       3       java.nio.Buffer::position (52 bytes)
Event: 0.487 Thread 0x0000020a9fca7b40 nmethod 559 0x0000020a8dfde790 code [0x0000020a8dfde940, 0x0000020a8dfdebc8]

GC Heap History (2 events):
Event: 0.479 GC heap before
{Heap before GC invocations=0 (full 0):
 garbage-first heap   total 65536K, used 12288K [0x00000000fc000000, 0x0000000100000000)
  region size 1024K, 13 young (13312K), 0 survivors (0K)
 Metaspace       used 1837K, committed 1984K, reserved 1114112K
  class space    used 171K, committed 256K, reserved 1048576K
}
Event: 0.484 GC heap after
{Heap after GC invocations=1 (full 0):
 garbage-first heap   total 65536K, used 3412K [0x00000000fc000000, 0x0000000100000000)
  region size 1024K, 2 young (2048K), 2 survivors (2048K)
 Metaspace       used 1837K, committed 1984K, reserved 1114112K
  class space    used 171K, committed 256K, reserved 1048576K
}

Deoptimization events (20 events):
Event: 0.432 Thread 0x0000020a84e67fd0 Uncommon trap: trap_request=0xffffff45 fr.pc=0x0000020a959e02b0 relative=0x0000000000000190
Event: 0.432 Thread 0x0000020a84e67fd0 Uncommon trap: reason=unstable_if action=reinterpret pc=0x0000020a959e02b0 method=java.util.zip.ZipFile$Source.isMetaName([BII)Z @ 43 c2
Event: 0.432 Thread 0x0000020a84e67fd0 DEOPT PACKING pc=0x0000020a959e02b0 sp=0x0000007d4ccf8f60
Event: 0.432 Thread 0x0000020a84e67fd0 DEOPT UNPACKING pc=0x0000020a954723a3 sp=0x0000007d4ccf8f08 mode 2
Event: 0.440 Thread 0x0000020a84e67fd0 Uncommon trap: trap_request=0xffffffde fr.pc=0x0000020a959e7ae8 relative=0x0000000000000fe8
Event: 0.440 Thread 0x0000020a84e67fd0 Uncommon trap: reason=class_check action=maybe_recompile pc=0x0000020a959e7ae8 method=java.util.HashMap.putVal(ILjava/lang/Object;Ljava/lang/Object;ZZ)Ljava/lang/Object; @ 203 c2
Event: 0.440 Thread 0x0000020a84e67fd0 DEOPT PACKING pc=0x0000020a959e7ae8 sp=0x0000007d4ccf98a0
Event: 0.440 Thread 0x0000020a84e67fd0 DEOPT UNPACKING pc=0x0000020a954723a3 sp=0x0000007d4ccf9830 mode 2
Event: 0.465 Thread 0x0000020a84e67fd0 Uncommon trap: trap_request=0xffffffde fr.pc=0x0000020a959e7ae8 relative=0x0000000000000fe8
Event: 0.465 Thread 0x0000020a84e67fd0 Uncommon trap: reason=class_check action=maybe_recompile pc=0x0000020a959e7ae8 method=java.util.HashMap.putVal(ILjava/lang/Object;Ljava/lang/Object;ZZ)Ljava/lang/Object; @ 203 c2
Event: 0.465 Thread 0x0000020a84e67fd0 DEOPT PACKING pc=0x0000020a959e7ae8 sp=0x0000007d4ccf98a0
Event: 0.465 Thread 0x0000020a84e67fd0 DEOPT UNPACKING pc=0x0000020a954723a3 sp=0x0000007d4ccf9830 mode 2
Event: 0.468 Thread 0x0000020a84e67fd0 Uncommon trap: trap_request=0xffffffde fr.pc=0x0000020a959e7a3c relative=0x0000000000000f3c
Event: 0.468 Thread 0x0000020a84e67fd0 Uncommon trap: reason=class_check action=maybe_recompile pc=0x0000020a959e7a3c method=java.util.HashMap.putVal(ILjava/lang/Object;Ljava/lang/Object;ZZ)Ljava/lang/Object; @ 91 c2
Event: 0.468 Thread 0x0000020a84e67fd0 DEOPT PACKING pc=0x0000020a959e7a3c sp=0x0000007d4ccf98a0
Event: 0.468 Thread 0x0000020a84e67fd0 DEOPT UNPACKING pc=0x0000020a954723a3 sp=0x0000007d4ccf9830 mode 2
Event: 0.472 Thread 0x0000020a84e67fd0 Uncommon trap: trap_request=0xffffffde fr.pc=0x0000020a959e7a3c relative=0x0000000000000f3c
Event: 0.472 Thread 0x0000020a84e67fd0 Uncommon trap: reason=class_check action=maybe_recompile pc=0x0000020a959e7a3c method=java.util.HashMap.putVal(ILjava/lang/Object;Ljava/lang/Object;ZZ)Ljava/lang/Object; @ 91 c2
Event: 0.472 Thread 0x0000020a84e67fd0 DEOPT PACKING pc=0x0000020a959e7a3c sp=0x0000007d4ccf98a0
Event: 0.472 Thread 0x0000020a84e67fd0 DEOPT UNPACKING pc=0x0000020a954723a3 sp=0x0000007d4ccf9830 mode 2

Classes unloaded (0 events):
No events

Classes redefined (0 events):
No events

Internal exceptions (5 events):
Event: 0.180 Thread 0x0000020a84e67fd0 Exception <a 'java/lang/NoSuchMethodError'{0x00000000ffc50020}: 'int java.lang.invoke.DirectMethodHandle$Holder.invokeStaticInit(java.lang.Object, java.lang.Object)'> (0x00000000ffc50020) 
thrown [s\open\src\hotspot\share\interpreter\linkResolver.cpp, line 759]
Event: 0.473 Thread 0x0000020a84e67fd0 Exception <a 'java/lang/OutOfMemoryError'{0x00000000ff3e10b8}> (0x00000000ff3e10b8) 
thrown [s\open\src\hotspot\share\prims\jni.cpp, line 535]
Event: 0.484 Thread 0x0000020ae5044ba0 Exception <a 'java/lang/StackOverflowError'{0x00000000fff008e0}> (0x00000000fff008e0) 
thrown [s\open\src\hotspot\share\interpreter\interpreterRuntime.cpp, line 374]
Event: 0.485 Thread 0x0000020a84e67fd0 Exception <a 'java/lang/NoClassDefFoundError'{0x00000000fff4d808}: org/slf4j/LoggerFactory> (0x00000000fff4d808) 
thrown [s\open\src\hotspot\share\classfile\systemDictionary.cpp, line 245]
Event: 0.486 Thread 0x0000020a84e67fd0 Exception <a 'java/lang/NoClassDefFoundError'{0x00000000fff4d808}> (0x00000000fff4d808) 
thrown [s\open\src\hotspot\share\oops\instanceKlass.cpp, line 1216]

VM Operations (5 events):
Event: 0.066 Executing VM operation: HandshakeAllThreads
Event: 0.066 Executing VM operation: HandshakeAllThreads done
Event: 0.479 Executing VM operation: G1CollectForAllocation
Event: 0.484 Executing VM operation: G1CollectForAllocation done
Event: 0.488 Executing VM operation: Exit

Events (20 events):
Event: 0.422 loading class sun/nio/cs/StreamDecoder
Event: 0.422 loading class sun/nio/cs/StreamDecoder done
Event: 0.473 loading class java/util/zip/DataFormatException
Event: 0.474 loading class java/util/zip/DataFormatException done
Event: 0.474 loading class java/security/PrivilegedActionException
Event: 0.474 loading class java/security/PrivilegedActionException done
Event: 0.474 loading class java/lang/SecurityException
Event: 0.474 loading class java/lang/SecurityException done
Event: 0.476 loading class java/lang/NumberFormatException
Event: 0.476 loading class java/lang/NumberFormatException done
Event: 0.478 loading class java/lang/IllegalAccessException
Event: 0.478 loading class java/lang/IllegalAccessException done
Event: 0.485 loading class java/lang/StackTraceElement$HashedModules
Event: 0.485 loading class java/lang/StackTraceElement$HashedModules done
Event: 0.485 loading class java/lang/ExceptionInInitializerError
Event: 0.486 loading class java/lang/ExceptionInInitializerError done
Event: 0.486 loading class java/lang/Throwable$WrappedPrintStream
Event: 0.486 loading class java/lang/Throwable$PrintStreamOrWriter
Event: 0.486 loading class java/lang/Throwable$PrintStreamOrWriter done
Event: 0.486 loading class java/lang/Throwable$WrappedPrintStream done


Dynamic libraries:
0x00007ff65dc40000 - 0x00007ff65dc50000 	C:\Program Files\Java\jdk-17\bin\java.exe
0x00007ffdbde90000 - 0x00007ffdbe088000 	C:\Windows\SYSTEM32\ntdll.dll
0x00007ffdbc5b0000 - 0x00007ffdbc672000 	C:\Windows\System32\KERNEL32.DLL
0x00007ffdbb7b0000 - 0x00007ffdbbaa6000 	C:\Windows\System32\KERNELBASE.dll
0x00007ffdbbbd0000 - 0x00007ffdbbcd0000 	C:\Windows\System32\ucrtbase.dll
0x00007ffdb4030000 - 0x00007ffdb404b000 	C:\Program Files\Java\jdk-17\bin\VCRUNTIME140.dll
0x00007ffdb3f00000 - 0x00007ffdb3f19000 	C:\Program Files\Java\jdk-17\bin\jli.dll
0x00007ffdbd1a0000 - 0x00007ffdbd24f000 	C:\Windows\System32\ADVAPI32.dll
0x00007ffdbc8b0000 - 0x00007ffdbc94e000 	C:\Windows\System32\msvcrt.dll
0x00007ffdbc730000 - 0x00007ffdbc7cf000 	C:\Windows\System32\sechost.dll
0x00007ffdbd3e0000 - 0x00007ffdbd503000 	C:\Windows\System32\RPCRT4.dll
0x00007ffdbbdb0000 - 0x00007ffdbbdd7000 	C:\Windows\System32\bcrypt.dll
0x00007ffdbd840000 - 0x00007ffdbd9dd000 	C:\Windows\System32\USER32.dll
0x00007ffda6920000 - 0x00007ffda6bba000 	C:\Windows\WinSxS\amd64_microsoft.windows.common-controls_6595b64144ccf1df_6.0.19041.5794_none_60bcd33171f2783c\COMCTL32.dll
0x00007ffdbbe90000 - 0x00007ffdbbeb2000 	C:\Windows\System32\win32u.dll
0x00007ffdbd9e0000 - 0x00007ffdbda0b000 	C:\Windows\System32\GDI32.dll
0x00007ffdbbab0000 - 0x00007ffdbbbca000 	C:\Windows\System32\gdi32full.dll
0x00007ffdbb710000 - 0x00007ffdbb7ad000 	C:\Windows\System32\msvcp_win.dll
0x00007ffdb2110000 - 0x00007ffdb211a000 	C:\Windows\SYSTEM32\VERSION.dll
0x00007ffdbc700000 - 0x00007ffdbc72f000 	C:\Windows\System32\IMM32.DLL
0x00007ffdb3530000 - 0x00007ffdb353c000 	C:\Program Files\Java\jdk-17\bin\vcruntime140_1.dll
0x00007ffd9e3d0000 - 0x00007ffd9e45e000 	C:\Program Files\Java\jdk-17\bin\msvcp140.dll
0x00007ffd37970000 - 0x00007ffd3854e000 	C:\Program Files\Java\jdk-17\bin\server\jvm.dll
0x00007ffdbdd70000 - 0x00007ffdbdd78000 	C:\Windows\System32\PSAPI.DLL
0x00007ffda6690000 - 0x00007ffda66b7000 	C:\Windows\SYSTEM32\WINMM.dll
0x00007ffdb3f50000 - 0x00007ffdb3f59000 	C:\Windows\SYSTEM32\WSOCK32.dll
0x00007ffdbc9b0000 - 0x00007ffdbca1b000 	C:\Windows\System32\ws2_32.DLL
0x00007ffdb9d50000 - 0x00007ffdb9d62000 	C:\Windows\SYSTEM32\kernel.appcore.dll
0x00007ffdb3520000 - 0x00007ffdb352a000 	C:\Program Files\Java\jdk-17\bin\jimage.dll
0x00007ffdb9290000 - 0x00007ffdb9474000 	C:\Windows\SYSTEM32\DBGHELP.DLL
0x00007ffdb26a0000 - 0x00007ffdb26d4000 	C:\Windows\SYSTEM32\dbgcore.DLL
0x00007ffdbbcd0000 - 0x00007ffdbbd52000 	C:\Windows\System32\bcryptPrimitives.dll
0x00007ffdb1cb0000 - 0x00007ffdb1cd5000 	C:\Program Files\Java\jdk-17\bin\java.dll
0x00007ffd99ed0000 - 0x00007ffd99fa7000 	C:\Program Files\Java\jdk-17\bin\jsvml.dll
0x00007ffdbca30000 - 0x00007ffdbd19e000 	C:\Windows\System32\SHELL32.dll
0x00007ffdb9590000 - 0x00007ffdb9d33000 	C:\Windows\SYSTEM32\windows.storage.dll
0x00007ffdbda10000 - 0x00007ffdbdd63000 	C:\Windows\System32\combase.dll
0x00007ffdbaef0000 - 0x00007ffdbaf1b000 	C:\Windows\SYSTEM32\Wldp.dll
0x00007ffdbdd80000 - 0x00007ffdbde4d000 	C:\Windows\System32\OLEAUT32.dll
0x00007ffdbc350000 - 0x00007ffdbc3fd000 	C:\Windows\System32\SHCORE.dll
0x00007ffdbd510000 - 0x00007ffdbd565000 	C:\Windows\System32\shlwapi.dll
0x00007ffdbb460000 - 0x00007ffdbb485000 	C:\Windows\SYSTEM32\profapi.dll
0x00007ffdb20f0000 - 0x00007ffdb2109000 	C:\Program Files\Java\jdk-17\bin\net.dll
0x00007ffdb2140000 - 0x00007ffdb224a000 	C:\Windows\SYSTEM32\WINHTTP.dll
0x00007ffdbabf0000 - 0x00007ffdbac5c000 	C:\Windows\system32\mswsock.dll
0x00007ffdb1ef0000 - 0x00007ffdb1f06000 	C:\Program Files\Java\jdk-17\bin\nio.dll
0x00007ffdb1c40000 - 0x00007ffdb1c58000 	C:\Program Files\Java\jdk-17\bin\zip.dll

dbghelp: loaded successfully - version: 4.0.5 - missing functions: none
symbol engine: initialized successfully - sym options: 0x614 - pdb path: .;C:\Program Files\Java\jdk-17\bin;C:\Windows\SYSTEM32;C:\Windows\WinSxS\amd64_microsoft.windows.common-controls_6595b64144ccf1df_6.0.19041.5794_none_60bcd33171f2783c;C:\Program Files\Java\jdk-17\bin\server

VM Arguments:
jvm_args: -Xmx64m -Xms64m -Dorg.gradle.appname=gradlew 
java_command: org.gradle.wrapper.GradleWrapperMain tasks
java_class_path (initial): D:\React Native\RNtask\android\\gradle\wrapper\gradle-wrapper.jar
Launcher Type: SUN_STANDARD

[Global flags]
     intx CICompilerCount                          = 3                                         {product} {ergonomic}
     uint ConcGCThreads                            = 1                                         {product} {ergonomic}
     uint G1ConcRefinementThreads                  = 4                                         {product} {ergonomic}
   size_t G1HeapRegionSize                         = 1048576                                   {product} {ergonomic}
    uintx GCDrainStackTargetSize                   = 64                                        {product} {ergonomic}
   size_t InitialHeapSize                          = 67108864                                  {product} {command line}
   size_t MarkStackSize                            = 4194304                                   {product} {ergonomic}
   size_t MaxHeapSize                              = 67108864                                  {product} {command line}
   size_t MaxNewSize                               = 39845888                                  {product} {ergonomic}
   size_t MinHeapDeltaBytes                        = 1048576                                   {product} {ergonomic}
   size_t MinHeapSize                              = 67108864                                  {product} {command line}
    uintx NonNMethodCodeHeapSize                   = 5832780                                {pd product} {ergonomic}
    uintx NonProfiledCodeHeapSize                  = 122912730                              {pd product} {ergonomic}
    uintx ProfiledCodeHeapSize                     = 122912730                              {pd product} {ergonomic}
    uintx ReservedCodeCacheSize                    = 251658240                              {pd product} {ergonomic}
     bool SegmentedCodeCache                       = true                                      {product} {ergonomic}
   size_t SoftMaxHeapSize                          = 67108864                               {manageable} {ergonomic}
     bool UseCompressedClassPointers               = true                           {product lp64_product} {ergonomic}
     bool UseCompressedOops                        = true                           {product lp64_product} {ergonomic}
     bool UseG1GC                                  = true                                      {product} {ergonomic}
     bool UseLargePagesIndividualAllocation        = false                                  {pd product} {ergonomic}

Logging:
Log output configuration:
 #0: stdout all=warning uptime,level,tags
 #1: stderr all=off uptime,level,tags

Environment Variables:
JAVA_HOME=C:\Program Files\Java\jdk-17
CLASSPATH=D:\React Native\RNtask\android\\gradle\wrapper\gradle-wrapper.jar
PATH=D:\React Native\RNtask\node_modules\.bin;D:\React Native\RNtask\node_modules\.bin;D:\React Native\node_modules\.bin;D:\node_modules\.bin;C:\Users\user\AppData\Roaming\npm\node_modules\npm\node_modules\@npmcli\run-script\lib\node-gyp-bin;D:\React Native\RNtask\node_modules\.bin;D:\React Native\node_modules\.bin;D:\node_modules\.bin;C:\Users\user\AppData\Roaming\npm\node_modules\npm\node_modules\@npmcli\run-script\lib\node-gyp-bin;C:\Program Files\Common Files\Oracle\Java\javapath;C:\Windows\system32;C:\Windows;C:\Windows\System32\Wbem;C:\Windows\System32\WindowsPowerShell\v1.0\;C:\Windows\System32\OpenSSH\;C:\Program Files (x86)\Intel\Intel(R) Management Engine Components\DAL;C:\Program Files\Intel\Intel(R) Management Engine Components\DAL;C:\Program Files\platform-tools;C:\Program Files\nodejs\;C:\Users\user\AppData\Local\Android\Sdk\platform-tools;C:\Program Files\Java\jdk-17\bin;C:\Program Files\Git\cmd;C:\ProgramData\chocolatey\bin;C:\Users\user\AppData\Local\Microsoft\WindowsApps;C:\Users\user\AppData\Local\Programs\Microsoft VS Code\bin;C:\Users\user\AppData\Roaming\npm;C:\Program Files\Java\jdk-17\bin;
USERNAME=user
LANG=en_US.UTF-8
OS=Windows_NT
PROCESSOR_IDENTIFIER=Intel64 Family 6 Model 142 Stepping 9, GenuineIntel



---------------  S Y S T E M  ---------------

OS:
 Windows 10 , 64 bit Build 19041 (10.0.19041.5794)
OS uptime: 0 days 2:58 hours

CPU: total 4 (initial active 4) (2 cores per cpu, 2 threads per core) family 6 model 142 stepping 9 microcode 0xf6, cx8, cmov, fxsr, ht, mmx, 3dnowpref, sse, sse2, sse3, ssse3, sse4.1, sse4.2, popcnt, lzcnt, tsc, tscinvbit, avx, avx2, aes, erms, clmul, bmi1, bmi2, rtm, adx, fma, vzeroupper, clflush, clflushopt

Memory: 4k page, system-wide physical 16265M (2590M free)
TotalPageFile size 17538M (AvailPageFile size 4M)
current process WorkingSet (physical memory assigned to process): 55M, peak: 55M
current process commit charge ("private bytes"): 139M, peak: 140M

vm_info: Java HotSpot(TM) 64-Bit Server VM (17.0.8+9-LTS-211) for windows-amd64 JRE (17.0.8+9-LTS-211), built on Jun 14 2023 10:34:31 by "mach5one" with MS VC++ 17.1 (VS2022)

END.
